e:\24.vecode\videomanager\video_rtsp_zlm\x64\release\vc140.pdb
e:\24.vecode\videomanager\video_rtsp_zlm\x64\release\main.obj
e:\24.vecode\videomanager\video_rtsp_zlm\x64\release\stdafx.obj
e:\24.vecode\videomanager\video_rtsp_zlm\x64\release\czlmapiworker.obj
e:\1.code\6,simple_zlm_apidemo\x64\release\vc142.pdb
e:\1.code\6,simple_zlm_apidemo\x64\release\main.obj
e:\1.code\6,simple_zlm_apidemo\x64\release\stdafx.obj
e:\1.code\6,simple_zlm_apidemo\x64\release\czlmapiworker.obj
e:\24.vecode\videomanager\video_rtsp_zlm\x64\debug\video_rtsp_zlm.exe
e:\24.vecode\videomanager\video_rtsp_zlm\x64\debug\video_rtsp_zlm.ipdb
e:\24.vecode\videomanager\video_rtsp_zlm\x64\debug\video_rtsp_zlm.iobj
e:\24.vecode\videomanager\video_rtsp_zlm\x64\debug\video_rtsp_zlm.pdb
e:\24.vecode\videomanager\video_rtsp_zlm\x64\debug\video_rtsp_zlm.lib
e:\24.vecode\videomanager\video_rtsp_zlm\x64\debug\video_rtsp_zlm.exp
e:\1.code\6,simple_zlm_apidemo\x64\release\vc140.pdb
e:\1.code\6,simple_zlm_apidemo\x64\release\video_rtsp_zlm.tlog\cl.command.1.tlog
e:\1.code\6,simple_zlm_apidemo\x64\release\video_rtsp_zlm.tlog\cl.read.1.tlog
e:\1.code\6,simple_zlm_apidemo\x64\release\video_rtsp_zlm.tlog\cl.write.1.tlog
e:\1.code\6,simple_zlm_apidemo\x64\release\video_rtsp_zlm.tlog\link.command.1.tlog
e:\1.code\6,simple_zlm_apidemo\x64\release\video_rtsp_zlm.tlog\link.read.1.tlog
e:\1.code\6,simple_zlm_apidemo\x64\release\video_rtsp_zlm.tlog\link.write.1.tlog
e:\1.code\6,simple_zlm_apidemo\x64\release\video_rtsp_zlm.tlog\video_rtsp_zlm.write.1u.tlog
