  CZlmApiWorker.cpp
E:\1.Code\6,Simple_ZLM_ApiDemo\CZlmApiWorker.cpp(13,9): warning C4477: “printf”: 格式字符串“%x”需要类型“unsigned int”的参数，但可变参数 1 拥有了类型“mk_media_source”
E:\1.Code\6,Simple_ZLM_ApiDemo\CZlmApiWorker.h(44,1): warning C4996: 'fopen': This function or variable may be unsafe. Consider using fopen_s instead. To disable deprecation, use _CRT_SECURE_NO_WARNINGS. See online help for details.
F:\Windows Kits\10\Include\10.0.18362.0\ucrt\stdio.h(208): message : 参见“fopen”的声明
  main.cpp
  正在生成代码...
CZlmApiWorker.obj : error LNK2019: 无法解析的外部符号 __imp__mk_media_create，该符号在函数 "public: void __thiscall CZLMWorker::ZLM_MediaInit(void)" (?ZLM_MediaInit@CZLMWorker@@QAEXXZ) 中被引用
CZlmApiWorker.obj : error LNK2019: 无法解析的外部符号 __imp__mk_media_init_video，该符号在函数 "public: void __thiscall CZLMWorker::ZLM_MediaInit(void)" (?ZLM_MediaInit@CZLMWorker@@QAEXXZ) 中被引用
CZlmApiWorker.obj : error LNK2019: 无法解析的外部符号 __imp__mk_media_init_complete，该符号在函数 "public: void __thiscall CZLMWorker::ZLM_MediaInit(void)" (?ZLM_MediaInit@CZLMWorker@@QAEXXZ) 中被引用
CZlmApiWorker.obj : error LNK2019: 无法解析的外部符号 __imp__mk_media_input_h264，该符号在函数 "void __cdecl StreamDataCB(void *,int,int,void *,int,unsigned int,unsigned int)" (?StreamDataCB@@YAXPAXHH0HII@Z) 中被引用
CZlmApiWorker.obj : error LNK2019: 无法解析的外部符号 __imp__mk_media_set_on_regist，该符号在函数 "public: void __thiscall CZLMWorker::ZLM_MediaInit(void)" (?ZLM_MediaInit@CZLMWorker@@QAEXXZ) 中被引用
CZlmApiWorker.obj : error LNK2019: 无法解析的外部符号 __imp__mk_player_create，该符号在函数 "public: void __thiscall CZLMWorker::ZLM_PlayerInit(void)" (?ZLM_PlayerInit@CZLMWorker@@QAEXXZ) 中被引用
CZlmApiWorker.obj : error LNK2019: 无法解析的外部符号 __imp__mk_player_play，该符号在函数 "public: void __thiscall CZLMWorker::ZLM_PlayerInit(void)" (?ZLM_PlayerInit@CZLMWorker@@QAEXXZ) 中被引用
CZlmApiWorker.obj : error LNK2019: 无法解析的外部符号 __imp__mk_player_set_on_data，该符号在函数 "public: void __thiscall CZLMWorker::ZLM_PlayerInit(void)" (?ZLM_PlayerInit@CZLMWorker@@QAEXXZ) 中被引用
CZlmApiWorker.obj : error LNK2019: 无法解析的外部符号 __imp__mk_player_video_width，该符号在函数 "void __cdecl StreamDataCB(void *,int,int,void *,int,unsigned int,unsigned int)" (?StreamDataCB@@YAXPAXHH0HII@Z) 中被引用
CZlmApiWorker.obj : error LNK2019: 无法解析的外部符号 __imp__mk_player_video_height，该符号在函数 "void __cdecl StreamDataCB(void *,int,int,void *,int,unsigned int,unsigned int)" (?StreamDataCB@@YAXPAXHH0HII@Z) 中被引用
CZlmApiWorker.obj : error LNK2019: 无法解析的外部符号 __imp__mk_pusher_create，该符号在函数 "public: void __thiscall CZLMWorker::ZLM_PusherInit(void)" (?ZLM_PusherInit@CZLMWorker@@QAEXXZ) 中被引用
CZlmApiWorker.obj : error LNK2019: 无法解析的外部符号 __imp__mk_pusher_publish，该符号在函数 "public: void __thiscall CZLMWorker::ZLM_PusherStart(void)" (?ZLM_PusherStart@CZLMWorker@@QAEXXZ) 中被引用
CZlmApiWorker.obj : error LNK2019: 无法解析的外部符号 __imp__mk_pusher_set_on_result，该符号在函数 "public: void __thiscall CZLMWorker::ZLM_PusherInit(void)" (?ZLM_PusherInit@CZLMWorker@@QAEXXZ) 中被引用
.\ZLM\lib\jsoncpp.lib : warning LNK4272: 库计算机类型“x64”与目标计算机类型“x86”冲突
.\ZLM\lib\flv.lib : warning LNK4272: 库计算机类型“x64”与目标计算机类型“x86”冲突
.\ZLM\lib\mov.lib : warning LNK4272: 库计算机类型“x64”与目标计算机类型“x86”冲突
.\ZLM\lib\mpeg.lib : warning LNK4272: 库计算机类型“x64”与目标计算机类型“x86”冲突
.\ZLM\lib\rtp.lib : warning LNK4272: 库计算机类型“x64”与目标计算机类型“x86”冲突
.\ZLM\lib\mk_api.lib : warning LNK4272: 库计算机类型“x64”与目标计算机类型“x86”冲突
.\ZLM\lib\zlmediakit.lib : warning LNK4272: 库计算机类型“x64”与目标计算机类型“x86”冲突
.\ZLM\lib\zltoolkit.lib : warning LNK4272: 库计算机类型“x64”与目标计算机类型“x86”冲突
E:\1.Code\6,Simple_ZLM_ApiDemo\Debug\Video_RTSP_ZLM.exe : fatal error LNK1120: 13 个无法解析的外部命令
