e:\24.vecode\videomanager\video_rtsp_zlm\x64\debug\vc140.pdb
e:\24.vecode\videomanager\video_rtsp_zlm\x64\debug\vc140.idb
e:\24.vecode\videomanager\video_rtsp_zlm\x64\debug\stdafx.obj
e:\1.code\6,simple_zlm_apidemo\x64\debug\vc142.pdb
e:\1.code\6,simple_zlm_apidemo\x64\debug\vc142.idb
e:\1.code\6,simple_zlm_apidemo\x64\debug\main.obj
e:\1.code\6,simple_zlm_apidemo\x64\debug\stdafx.obj
e:\1.code\6,simple_zlm_apidemo\x64\debug\czlmapiworker.obj
e:\1.code\6,simple_zlm_apidemo\x64\debug\video_rtsp_zlm.ipdb
e:\1.code\6,simple_zlm_apidemo\x64\debug\video_rtsp_zlm.iobj
e:\1.code\6,simple_zlm_apidemo\x64\debug\video_rtsp_zlm.exp
e:\1.code\6,simple_zlm_apidemo\x64\debug\vc140.idb
e:\1.code\6,simple_zlm_apidemo\x64\debug\vc140.pdb
e:\1.code\6,simple_zlm_apidemo\x64\debug\video_rtsp_zlm.pdb
e:\1.code\6,simple_zlm_apidemo\x64\debug\video_rtsp_zlm.tlog\cl.command.1.tlog
e:\1.code\6,simple_zlm_apidemo\x64\debug\video_rtsp_zlm.tlog\cl.read.1.tlog
e:\1.code\6,simple_zlm_apidemo\x64\debug\video_rtsp_zlm.tlog\cl.write.1.tlog
e:\1.code\6,simple_zlm_apidemo\x64\debug\video_rtsp_zlm.tlog\link.command.1.tlog
e:\1.code\6,simple_zlm_apidemo\x64\debug\video_rtsp_zlm.tlog\link.read.1.tlog
e:\1.code\6,simple_zlm_apidemo\x64\debug\video_rtsp_zlm.tlog\link.write.1.tlog
